<?xml version="1.0" encoding="UTF-8"?>
<!-- Generated by org.testng.reporters.JUnitReportReporter -->
<testsuite hostname="DESKTOP-0V5VL49" failures="0" tests="3" name="testNGPrograms.enabled" time="0.014" errors="0" timestamp="2024-05-21T08:28:45 IST" skipped="1">
  <testcase classname="testNGPrograms.enabled" name="TC2" time="0.011">
    <system-out>
      <![CDATA[Running test case2]]>
    </system-out>
  </testcase> <!-- TC2 -->
  <testcase classname="testNGPrograms.enabled" name="TC3" time="0.003">
    <system-out>
      <![CDATA[Running test case3]]>
    </system-out>
  </testcase> <!-- TC3 -->
  <testcase classname="testNGPrograms.enabled" name="TC1">
    <skipped/>
  </testcase> <!-- TC1 -->
  <system-out>
    <![CDATA[Running test case2
Running test case3]]>
  </system-out>
</testsuite> <!-- testNGPrograms.enabled -->
