<?xml version="1.0" encoding="UTF-8"?>
<!-- Generated by org.testng.reporters.JUnitReportReporter -->
<testsuite hostname="DESKTOP-0V5VL49" failures="0" tests="2" name="Batchexecution.sample3" time="0.016" errors="0" timestamp="2024-06-21T13:16:10 IST" skipped="0">
  <testcase classname="Batchexecution.sample3" name="m5" time="0.012">
    <system-out>
      <![CDATA[Running Tc5]]>
    </system-out>
  </testcase> <!-- m5 -->
  <testcase classname="Batchexecution.sample3" name="m6" time="0.004">
    <system-out>
      <![CDATA[Running Tc6]]>
    </system-out>
  </testcase> <!-- m6 -->
  <system-out>
    <![CDATA[Running Tc5
Running Tc6
Running Tc3
Running Tc4
Running Tc2]]>
  </system-out>
</testsuite> <!-- Batchexecution.sample3 -->
