<?xml version="1.0" encoding="UTF-8"?>
<!-- Generated by org.testng.reporters.JUnitReportReporter -->
<testsuite hostname="DESKTOP-0V5VL49" failures="0" tests="3" name="testNGPrograms.priority" time="0.017" errors="0" timestamp="2024-06-10T12:59:52 IST" skipped="0">
  <testcase classname="testNGPrograms.priority" name="TC3" time="0.012">
    <system-out>
      <![CDATA[Running test case3]]>
    </system-out>
  </testcase> <!-- TC3 -->
  <testcase classname="testNGPrograms.priority" name="TC2" time="0.002">
    <system-out>
      <![CDATA[Running test case2]]>
    </system-out>
  </testcase> <!-- TC2 -->
  <testcase classname="testNGPrograms.priority" name="TC1" time="0.003">
    <system-out>
      <![CDATA[Running test case1]]>
    </system-out>
  </testcase> <!-- TC1 -->
  <system-out>
    <![CDATA[Running test case3
Running test case2
Running test case1]]>
  </system-out>
</testsuite> <!-- testNGPrograms.priority -->
