<?xml version="1.0" encoding="UTF-8"?>
<!-- Generated by org.testng.reporters.JUnitReportReporter -->
<testsuite hostname="DESKTOP-0V5VL49" failures="0" tests="1" name="parallelTesting.parallel1" time="10.249" errors="0" timestamp="2024-06-21T16:53:26 IST" skipped="0">
  <testcase classname="parallelTesting.parallel1" name="TC1" time="10.249"/>
</testsuite> <!-- parallelTesting.parallel1 -->
