<?xml version="1.0" encoding="UTF-8"?>
<!-- Generated by org.testng.reporters.JUnitReportReporter -->
<testsuite hostname="DESKTOP-0V5VL49" failures="0" tests="2" name="Batchexecution.sample1" time="0.003" errors="0" timestamp="2024-06-21T13:16:10 IST" skipped="1">
  <testcase classname="Batchexecution.sample1" name="m2" time="0.003">
    <system-out>
      <![CDATA[Running Tc2]]>
    </system-out>
  </testcase> <!-- m2 -->
  <testcase classname="Batchexecution.sample1" name="m1">
    <skipped/>
  </testcase> <!-- m1 -->
  <system-out>
    <![CDATA[Running Tc5
Running Tc6
Running Tc3
Running Tc4
Running Tc2]]>
  </system-out>
</testsuite> <!-- Batchexecution.sample1 -->
