<?xml version="1.0" encoding="UTF-8"?>
<!-- Generated by org.testng.reporters.JUnitReportReporter -->
<testsuite hostname="DESKTOP-0V5VL49" failures="0" tests="1" name="testNGPrograms.Demo" time="0.015" errors="0" timestamp="2024-05-21T08:16:29 IST" skipped="0">
  <testcase classname="testNGPrograms.Demo" name="m1" time="0.015">
    <system-out>
      <![CDATA[Hi]]>
    </system-out>
  </testcase> <!-- m1 -->
  <system-out>
    <![CDATA[Hi]]>
  </system-out>
</testsuite> <!-- testNGPrograms.Demo -->
