<?xml version="1.0" encoding="UTF-8"?>
<!-- Generated by org.testng.reporters.JUnitReportReporter -->
<testsuite hostname="DESKTOP-0V5VL49" failures="0" tests="2" name="testNGPrograms.DependsOnmethod" time="0.023" errors="0" timestamp="2024-05-27T16:18:04 IST" skipped="0">
  <testcase classname="testNGPrograms.DependsOnmethod" name="logout" time="0.009">
    <system-out>
      <![CDATA[Running Tc2]]>
    </system-out>
  </testcase> <!-- logout -->
  <testcase classname="testNGPrograms.DependsOnmethod" name="login" time="0.014">
    <system-out>
      <![CDATA[Running Tc1]]>
    </system-out>
  </testcase> <!-- login -->
  <system-out>
    <![CDATA[Running Tc1
Running Tc2]]>
  </system-out>
</testsuite> <!-- testNGPrograms.DependsOnmethod -->
