<?xml version="1.0" encoding="UTF-8"?>
<!-- Generated by org.testng.reporters.JUnitReportReporter -->
<testsuite hostname="DESKTOP-0V5VL49" failures="0" tests="1" name="parallelTesting.parallel2" time="11.770" errors="0" timestamp="2024-06-21T16:53:26 IST" skipped="0">
  <testcase classname="parallelTesting.parallel2" name="TC2" time="11.770"/>
</testsuite> <!-- parallelTesting.parallel2 -->
