<?xml version="1.0" encoding="UTF-8"?>
<!-- Generated by org.testng.reporters.JUnitReportReporter -->
<testsuite hostname="DESKTOP-0V5VL49" failures="0" tests="2" name="Batchexecution.sample2" time="0.005" errors="0" timestamp="2024-06-21T13:16:10 IST" skipped="0">
  <testcase classname="Batchexecution.sample2" name="m3" time="0.003">
    <system-out>
      <![CDATA[Running Tc3]]>
    </system-out>
  </testcase> <!-- m3 -->
  <testcase classname="Batchexecution.sample2" name="m4" time="0.002">
    <system-out>
      <![CDATA[Running Tc4]]>
    </system-out>
  </testcase> <!-- m4 -->
  <system-out>
    <![CDATA[Running Tc5
Running Tc6
Running Tc3
Running Tc4
Running Tc2]]>
  </system-out>
</testsuite> <!-- Batchexecution.sample2 -->
