<?xml version="1.0" encoding="UTF-8"?>
<!-- Generated by org.testng.reporters.JUnitReportReporter -->
<testsuite hostname="DESKTOP-0V5VL49" failures="0" tests="2" name="testNGPrograms.timeout" time="0.020" errors="0" timestamp="2024-05-21T08:37:33 IST" skipped="0">
  <testcase classname="testNGPrograms.timeout" name="TC2" time="0.005">
    <system-out>
      <![CDATA[Running Test Case2]]>
    </system-out>
  </testcase> <!-- TC2 -->
  <testcase classname="testNGPrograms.timeout" name="TC1" time="0.015">
    <system-out>
      <![CDATA[Running Test Case1]]>
    </system-out>
  </testcase> <!-- TC1 -->
  <system-out>
    <![CDATA[Running Test Case1
Running Test Case2]]>
  </system-out>
</testsuite> <!-- testNGPrograms.timeout -->
