<?xml version="1.0" encoding="UTF-8"?>
<!-- Generated by org.testng.reporters.JUnitReportReporter -->
<testsuite hostname="DESKTOP-0V5VL49" failures="0" tests="10" name="testNGPrograms.invocationCount" time="0.082" errors="0" timestamp="2024-06-19T15:11:19 IST" skipped="0">
  <testcase classname="testNGPrograms.invocationCount" name="TC1" time="0.004">
    <system-out>
      <![CDATA[Running test case1]]>
    </system-out>
  </testcase> <!-- TC1 -->
  <testcase classname="testNGPrograms.invocationCount" name="TC1" time="0.012">
    <system-out>
      <![CDATA[Running test case1]]>
    </system-out>
  </testcase> <!-- TC1 -->
  <testcase classname="testNGPrograms.invocationCount" name="TC1" time="0.010">
    <system-out>
      <![CDATA[Running test case1]]>
    </system-out>
  </testcase> <!-- TC1 -->
  <testcase classname="testNGPrograms.invocationCount" name="TC1" time="0.018">
    <system-out>
      <![CDATA[Running test case1]]>
    </system-out>
  </testcase> <!-- TC1 -->
  <testcase classname="testNGPrograms.invocationCount" name="TC1" time="0.007">
    <system-out>
      <![CDATA[Running test case1]]>
    </system-out>
  </testcase> <!-- TC1 -->
  <testcase classname="testNGPrograms.invocationCount" name="TC1" time="0.002">
    <system-out>
      <![CDATA[Running test case1]]>
    </system-out>
  </testcase> <!-- TC1 -->
  <testcase classname="testNGPrograms.invocationCount" name="TC1" time="0.002">
    <system-out>
      <![CDATA[Running test case1]]>
    </system-out>
  </testcase> <!-- TC1 -->
  <testcase classname="testNGPrograms.invocationCount" name="TC1" time="0.011">
    <system-out>
      <![CDATA[Running test case1]]>
    </system-out>
  </testcase> <!-- TC1 -->
  <testcase classname="testNGPrograms.invocationCount" name="TC1" time="0.013">
    <system-out>
      <![CDATA[Running test case1]]>
    </system-out>
  </testcase> <!-- TC1 -->
  <testcase classname="testNGPrograms.invocationCount" name="TC1" time="0.003">
    <system-out>
      <![CDATA[Running test case1]]>
    </system-out>
  </testcase> <!-- TC1 -->
  <system-out>
    <![CDATA[Running test case1
Running test case1
Running test case1
Running test case1
Running test case1
Running test case1
Running test case1
Running test case1
Running test case1
Running test case1]]>
  </system-out>
</testsuite> <!-- testNGPrograms.invocationCount -->
